[Licensing::Module] Trying to connect to existing licensing client channel...
Built from '6000.2/respin/6000.2.6f2-cc51a95c03' branch; Version is '6000.2.6f2 (4a4dcaec6541) revision 4869578'; Using compiler version '194234433'; Build Type 'Release'
OS: 'Windows 11  (10.0.26200) 64bit Core' Language: 'en' Physical Memory: 16088 MB
BatchMode: 1, IsHumanControllingUs: 0, StartBugReporterOnCrash: 0, Is64bit: 1
[Licensing::IpcConnector] Successfully connected to: "LicenseClient-brads" at "2025-10-23T10:42:17.8232656Z"
Date: 2025-10-23T10:42:17Z

COMMAND LINE ARGUMENTS:
C:\Program Files\Unity\Hub\Editor\6000.2.6f2\Editor\Unity.exe
-adb2
-batchMode
-noUpm
-name
AssetImportWorker4
-projectPath
C:/SchoolRepos/LeapLord/LeapLord
-logFile
Logs/AssetImportWorker4.log
-srvPort
63411
-licensingIpc
LicenseClient-brads
-job-worker-count
9
-background-job-worker-count
8
-gc-helper-count
1
-name
AssetImport
Successfully changed project path to: C:/SchoolRepos/LeapLord/LeapLord
C:/SchoolRepos/LeapLord/LeapLord
[UnityMemory] Configuration Parameters - Can be set up in boot.config
    "memorysetup-allocator-temp-initial-block-size-main=262144"
    "memorysetup-allocator-temp-initial-block-size-worker=262144"
    "memorysetup-bucket-allocator-granularity=16"
    "memorysetup-bucket-allocator-bucket-count=8"
    "memorysetup-bucket-allocator-block-size=33554432"
    "memorysetup-bucket-allocator-block-count=8"
    "memorysetup-main-allocator-block-size=16777216"
    "memorysetup-thread-allocator-block-size=16777216"
    "memorysetup-gfx-main-allocator-block-size=16777216"
    "memorysetup-gfx-thread-allocator-block-size=16777216"
    "memorysetup-cache-allocator-block-size=4194304"
    "memorysetup-typetree-allocator-block-size=2097152"
    "memorysetup-profiler-bucket-allocator-granularity=16"
    "memorysetup-profiler-bucket-allocator-bucket-count=8"
    "memorysetup-profiler-bucket-allocator-block-size=33554432"
    "memorysetup-profiler-bucket-allocator-block-count=8"
    "memorysetup-profiler-allocator-block-size=16777216"
    "memorysetup-profiler-editor-allocator-block-size=1048576"
    "memorysetup-temp-allocator-size-main=16777216"
    "memorysetup-job-temp-allocator-block-size=2097152"
    "memorysetup-job-temp-allocator-block-size-background=1048576"
    "memorysetup-job-temp-allocator-reduction-small-platforms=262144"
    "memorysetup-temp-allocator-size-background-worker=32768"
    "memorysetup-temp-allocator-size-job-worker=262144"
    "memorysetup-temp-allocator-size-preload-manager=33554432"
    "memorysetup-temp-allocator-size-nav-mesh-worker=65536"
    "memorysetup-temp-allocator-size-audio-worker=65536"
    "memorysetup-temp-allocator-size-cloud-worker=32768"
    "memorysetup-temp-allocator-size-gi-baking-worker=262144"
    "memorysetup-temp-allocator-size-gi-baking-worker=262144"
    "memorysetup-temp-allocator-size-gi-baking-worker=262144"
    "memorysetup-temp-allocator-size-gi-baking-worker=262144"
    "memorysetup-temp-allocator-size-gi-baking-worker=262144"
    "memorysetup-temp-allocator-size-gfx=262144"
Player connection [15920]  Target information:

Player connection [15920]  * "[IP] 192.168.10.215 [Port] 0 [Flags] 2 [Guid] 816206536 [EditorId] 816206536 [Version] 1048832 [Id] WindowsEditor(7,Svengoolie) [Debug] 1 [PackageName] WindowsEditor [ProjectName] Editor" 

Player connection [15920] Host joined multi-casting on [225.0.0.222:54997]...
Player connection [15920] Host joined alternative multi-casting on [225.0.0.222:34997]...
JobSystem: Creating JobQueue using job-worker-count value 9
Input System module state changed to: Initialized.
[Physics::Module] Initialized fallback backend.
[Physics::Module] Id: 0xdecafbad
[Licensing::Client] Code 10 while verifying Licensing Client signature (process Id: 10740, path: "C:/Program Files/Unity Hub/UnityLicensingClient_V1/Unity.Licensing.Client.exe")
[Licensing::Module] LicensingClient has failed validation; ignoring
[Licensing::Client] Handshaking with LicensingClient:
  Version:                 1.17.3+a4e98f1
  Session Id:              0a137da7f6fd40659a8871e3ac8fce11
  Correlation Id:          1dccfa0888224098dff0387df24684a6
  External correlation Id: 7073696445875564095
  Machine Id:              X72DgjQb4ibZ3lMmOEQub47iahY=
[Licensing::Module] Successfully connected to LicensingClient on channel: "LicenseClient-brads" (connect: 0.00s, validation: 0.00s, handshake: 0.06s)
[Licensing::IpcConnector] Successfully connected to: "LicenseClient-brads-notifications" at "2025-10-23T10:42:17.890583Z"
[Licensing::Module] Licensing Background thread has ended after 0.07s
Library Redirect Path: Library/
[Physics::Module] Selected backend.
[Physics::Module] Name: PhysX
[Physics::Module] Id: 0xf2b8ea05
[Physics::Module] SDK Version: 4.1.2
[Physics::Module] Integration Version: 1.0.0
[Physics::Module] Threading Mode: Multi-Threaded
Refreshing native plugins compatible for Editor in 4.04 ms, found 3 plugins.
Preloading 0 native plugins for Editor in 0.00 ms.
Initialize engine version: 6000.2.6f2 (4a4dcaec6541)
[Subsystems] Discovering subsystems at path C:/Program Files/Unity/Hub/Editor/6000.2.6f2/Editor/Data/Resources/UnitySubsystems
[Subsystems] Discovering subsystems at path C:/SchoolRepos/LeapLord/LeapLord/Assets
GfxDevice: creating device client; kGfxThreadingModeNonThreaded
d3d12: failed to query info queue interface (0x80004002).
Direct3D:
    Version:         Direct3D 12 [level 12.1]
    Renderer:        NVIDIA GeForce RTX 3070 Ti Laptop GPU (ID=0x24a0)
    Vendor:          NVIDIA
    VRAM:            8018 MB
    App VRAM Budget: 7250 MB
    Driver:          32.0.15.8142
Initialize mono
Mono path[0] = 'C:/Program Files/Unity/Hub/Editor/6000.2.6f2/Editor/Data/Managed'
Mono path[1] = 'C:/Program Files/Unity/Hub/Editor/6000.2.6f2/Editor/Data/MonoBleedingEdge/lib/mono/unityjit-win32'
Mono config path = 'C:/Program Files/Unity/Hub/Editor/6000.2.6f2/Editor/Data/MonoBleedingEdge/etc'
Using monoOptions --debugger-agent=transport=dt_socket,embedding=1,server=y,suspend=n,address=127.0.0.1:56824
Begin MonoManager ReloadAssembly
Registering precompiled unity dll's ...
Register platform support module: C:/Program Files/Unity/Hub/Editor/6000.2.6f2/Editor/Data/PlaybackEngines/WebGLSupport/UnityEditor.WebGL.Extensions.dll
Register platform support module: C:/Program Files/Unity/Hub/Editor/6000.2.6f2/Editor/Data/PlaybackEngines/WindowsStandaloneSupport/UnityEditor.WindowsStandalone.Extensions.dll
[Licensing::Client] Successfully resolved entitlement details
[Licensing::Module] License group:
  Id: F4-487V-BD3W-T9NA-QSUC-XXXX
  Product: Unity Personal
  Type: ULF
  Expiration: Unlimited
[Licensing::Module] License group:
  Id: 5772977120324-UnityPersXXXX
  Product: Unity Personal
  Type: Assigned
  Expiration: Unlimited
Register platform support module: C:/Program Files/Unity/Hub/Editor/6000.2.6f2/Editor/Data/PlaybackEngines/AndroidPlayer/UnityEditor.Android.Extensions.dll
Registered in 0.009396 seconds.
- Loaded All Assemblies, in  0.591 seconds
Native extension for Android target not found
Android Extension - Scanning For ADB Devices 366 ms
Native extension for WindowsStandalone target not found
Native extension for WebGL target not found
Mono: successfully reloaded assembly
- Finished resetting the current domain, in  0.988 seconds
Domain Reload Profiling: 1576ms
	BeginReloadAssembly (185ms)
		ExecutionOrderSort (0ms)
		DisableScriptedObjects (0ms)
		BackupInstance (0ms)
		ReleaseScriptingObjects (0ms)
		CreateAndSetChildDomain (1ms)
	RebuildCommonClasses (58ms)
	RebuildNativeTypeToScriptingClass (20ms)
	initialDomainReloadingComplete (84ms)
	LoadAllAssembliesAndSetupDomain (240ms)
		LoadAssemblies (182ms)
		RebuildTransferFunctionScriptingTraits (0ms)
		AnalyzeDomain (233ms)
			TypeCache.Refresh (231ms)
				TypeCache.ScanAssembly (212ms)
			BuildScriptInfoCaches (0ms)
			ResolveRequiredComponents (1ms)
	FinalizeReload (988ms)
		ReleaseScriptCaches (0ms)
		RebuildScriptCaches (0ms)
		SetupLoadedEditorAssemblies (937ms)
			LogAssemblyErrors (0ms)
			InitializePlatformSupportModulesInManaged (578ms)
			SetLoadedEditorAssemblies (7ms)
			BeforeProcessingInitializeOnLoad (101ms)
			ProcessInitializeOnLoadAttributes (178ms)
			ProcessInitializeOnLoadMethodAttributes (73ms)
			AfterProcessingInitializeOnLoad (0ms)
			EditorAssembliesLoaded (0ms)
		ExecutionOrderSort2 (0ms)
		AwakeInstancesAfterBackupRestoration (0ms)
========================================================================
Worker process is ready to serve import requests
Import Worker Mode flag is 0x00
Begin MonoManager ReloadAssembly
[Licensing::Client] Successfully resolved entitlement details
[Licensing::Module] License group:
  Id: F4-487V-BD3W-T9NA-QSUC-XXXX
  Product: Unity Personal
  Type: ULF
  Expiration: Unlimited
[Licensing::Module] License group:
  Id: 5772977120324-UnityPersXXXX
  Product: Unity Personal
  Type: Assigned
  Expiration: Unlimited
- Loaded All Assemblies, in  0.908 seconds
Refreshing native plugins compatible for Editor in 1.09 ms, found 3 plugins.
Native extension for Android target not found
Native extension for WindowsStandalone target not found
Native extension for WebGL target not found
Package Manager log level set to [2]
[Package Manager] Failed to launch server process. Reason: Unity was launched with the -noUpm command-line argument
[Package Manager] Unable to send message (not connected to server process).
[Package Manager] Cannot connect to Unity Package Manager local server
Mono: successfully reloaded assembly
- Finished resetting the current domain, in  1.018 seconds
Domain Reload Profiling: 1919ms
	BeginReloadAssembly (250ms)
		ExecutionOrderSort (0ms)
		DisableScriptedObjects (7ms)
		BackupInstance (0ms)
		ReleaseScriptingObjects (0ms)
		CreateAndSetChildDomain (39ms)
	RebuildCommonClasses (43ms)
	RebuildNativeTypeToScriptingClass (17ms)
	initialDomainReloadingComplete (69ms)
	LoadAllAssembliesAndSetupDomain (522ms)
		LoadAssemblies (443ms)
		RebuildTransferFunctionScriptingTraits (0ms)
		AnalyzeDomain (223ms)
			TypeCache.Refresh (183ms)
				TypeCache.ScanAssembly (168ms)
			BuildScriptInfoCaches (31ms)
			ResolveRequiredComponents (5ms)
	FinalizeReload (1018ms)
		ReleaseScriptCaches (0ms)
		RebuildScriptCaches (0ms)
		SetupLoadedEditorAssemblies (864ms)
			LogAssemblyErrors (0ms)
			InitializePlatformSupportModulesInManaged (27ms)
			SetLoadedEditorAssemblies (4ms)
			BeforeProcessingInitializeOnLoad (200ms)
			ProcessInitializeOnLoadAttributes (599ms)
			ProcessInitializeOnLoadMethodAttributes (27ms)
			AfterProcessingInitializeOnLoad (8ms)
			EditorAssembliesLoaded (0ms)
		ExecutionOrderSort2 (0ms)
		AwakeInstancesAfterBackupRestoration (10ms)
Launched and connected shader compiler UnityShaderCompiler.exe after 0.01 seconds
Refreshing native plugins compatible for Editor in 0.85 ms, found 3 plugins.
Preloading 0 native plugins for Editor in 0.00 ms.
Unloading 0 Unused Serialized files (Serialized files now loaded: 0)
Unloading 3854 unused Assets / (1.1 MB). Loaded Objects now: 4379.
Memory consumption went from 89.3 MB to 88.2 MB.
Total: 5.551000 ms (FindLiveObjects: 0.328100 ms CreateObjectMapping: 0.250500 ms MarkObjects: 4.083100 ms  DeleteObjects: 0.888600 ms)

========================================================================
Received Import Request.
  Time since last request: 217569.978705 seconds.
  path: Assets/Resources/SpriteFrames/LeoIdle
  artifactKey: Guid(4ca750f087c06e241b17dd63eace3b03) Importer(2089858483,192608db42251d675da83286b1cce702)
Start importing Assets/Resources/SpriteFrames/LeoIdle using Guid(4ca750f087c06e241b17dd63eace3b03) Importer(2089858483,192608db42251d675da83286b1cce702) (ScriptedImporter) -> (artifact id: 'ef36321298e3c45aa1b50fb030245b17') in 0.0641081 seconds
Number of updated asset objects reloaded before import = 0Number of asset objects unloaded after import = 1

========================================================================
Received Import Request.
  Time since last request: 10.560999 seconds.
  path: Assets/Prefabs/LeoQuad/SpriteFrames/LEOPOLD_IDLE00.png
  artifactKey: Guid(2d568c26a8f2ebc4ca56d134b40dbcc8) Importer(815301076,1909f56bfc062723c751e8b465ee728b)
Start importing Assets/Prefabs/LeoQuad/SpriteFrames/LEOPOLD_IDLE00.png using Guid(2d568c26a8f2ebc4ca56d134b40dbcc8) Importer(815301076,1909f56bfc062723c751e8b465ee728b) (PreviewImporter) -> (artifact id: '414ab633a4838fdf6e03833e1867a628') in 0.1054536 seconds
Number of updated asset objects reloaded before import = 0Number of asset objects unloaded after import = 2

========================================================================
Received Import Request.
  Time since last request: 5.362116 seconds.
  path: Assets/Resources/SpriteFrames/LeoIdle/LEOPOLD_IDLE00.png
  artifactKey: Guid(2d568c26a8f2ebc4ca56d134b40dbcc8) Importer(2089858483,192608db42251d675da83286b1cce702)
Start importing Assets/Resources/SpriteFrames/LeoIdle/LEOPOLD_IDLE00.png using Guid(2d568c26a8f2ebc4ca56d134b40dbcc8) Importer(2089858483,192608db42251d675da83286b1cce702) (ScriptedImporter) -> (artifact id: 'ab40b529ffba4f0d7ce8f850c5732fa3') in 0.0948188 seconds
Number of updated asset objects reloaded before import = 0Number of asset objects unloaded after import = 1

========================================================================
Received Import Request.
  Time since last request: 24.494359 seconds.
  path: Assets/Resources/SpriteFrames/LeoJumpUp
  artifactKey: Guid(c4cfa049876bc294494f03e8470037ed) Importer(815301076,1909f56bfc062723c751e8b465ee728b)
Start importing Assets/Resources/SpriteFrames/LeoJumpUp using Guid(c4cfa049876bc294494f03e8470037ed) Importer(815301076,1909f56bfc062723c751e8b465ee728b) (PreviewImporter) -> (artifact id: 'c8cdee1bcb95dea5574f21465e367ccd') in 0.0008054 seconds
Number of updated asset objects reloaded before import = 0Number of asset objects unloaded after import = 0

========================================================================
Received Import Request.
  Time since last request: 0.975954 seconds.
  path: Assets/Resources/SpriteFrames/LeoJumpUp
  artifactKey: Guid(c4cfa049876bc294494f03e8470037ed) Importer(2089858483,192608db42251d675da83286b1cce702)
Start importing Assets/Resources/SpriteFrames/LeoJumpUp using Guid(c4cfa049876bc294494f03e8470037ed) Importer(2089858483,192608db42251d675da83286b1cce702) (ScriptedImporter) -> (artifact id: '7ca06e12ca59e32b944ad0bd9a5c52d6') in 0.0121366 seconds
Number of updated asset objects reloaded before import = 0Number of asset objects unloaded after import = 1

========================================================================
Received Import Request.
  Time since last request: 10.984957 seconds.
  path: Assets/Resources/SpriteFrames/LeoAirborne
  artifactKey: Guid(d220f17a0c1ad1743a2814b321d05d35) Importer(815301076,1909f56bfc062723c751e8b465ee728b)
Start importing Assets/Resources/SpriteFrames/LeoAirborne using Guid(d220f17a0c1ad1743a2814b321d05d35) Importer(815301076,1909f56bfc062723c751e8b465ee728b) (PreviewImporter) -> (artifact id: '706fce915716a3bac8add84a955687e2') in 0.0004871 seconds
Number of updated asset objects reloaded before import = 0Number of asset objects unloaded after import = 0

========================================================================
Received Import Request.
  Time since last request: 0.969967 seconds.
  path: Assets/Resources/SpriteFrames/LeoAirborne
  artifactKey: Guid(d220f17a0c1ad1743a2814b321d05d35) Importer(2089858483,192608db42251d675da83286b1cce702)
Start importing Assets/Resources/SpriteFrames/LeoAirborne using Guid(d220f17a0c1ad1743a2814b321d05d35) Importer(2089858483,192608db42251d675da83286b1cce702) (ScriptedImporter) -> (artifact id: 'f733e6c6fb66ba959268d696bb762ca0') in 0.0162398 seconds
Number of updated asset objects reloaded before import = 0Number of asset objects unloaded after import = 1

========================================================================
Received Import Request.
  Time since last request: 6.022979 seconds.
  path: Assets/Prefabs/LeoQuad/SpriteFrames/LEOPOLD_AIRBORNE_01_00.png
  artifactKey: Guid(99f93e1d0c8a2234398285bad21b6cd4) Importer(815301076,1909f56bfc062723c751e8b465ee728b)
Start importing Assets/Prefabs/LeoQuad/SpriteFrames/LEOPOLD_AIRBORNE_01_00.png using Guid(99f93e1d0c8a2234398285bad21b6cd4) Importer(815301076,1909f56bfc062723c751e8b465ee728b) (PreviewImporter) -> (artifact id: '68e7b3cce47ca1e7c6dd770d4245e36a') in 0.0209008 seconds
Number of updated asset objects reloaded before import = 0Number of asset objects unloaded after import = 2

========================================================================
Received Import Request.
  Time since last request: 8.242253 seconds.
  path: Assets/Resources/SpriteFrames/LeoAirborne/LEOPOLD_AIRBORNE_03_00.png
  artifactKey: Guid(ae8c5871ba875684085414ff005eb331) Importer(2089858483,192608db42251d675da83286b1cce702)
Start importing Assets/Resources/SpriteFrames/LeoAirborne/LEOPOLD_AIRBORNE_03_00.png using Guid(ae8c5871ba875684085414ff005eb331) Importer(2089858483,192608db42251d675da83286b1cce702) (ScriptedImporter) -> (artifact id: 'ebafbf69de07bd5c2f4c6bc8eb3b8769') in 0.0285897 seconds
Number of updated asset objects reloaded before import = 0Number of asset objects unloaded after import = 1

========================================================================
Received Import Request.
  Time since last request: 0.000050 seconds.
  path: Assets/Resources/SpriteFrames/LeoAirborne/LEOPOLD_AIRBORNE_02_01.png
  artifactKey: Guid(78bd40acb1347d84d886ea8917383f01) Importer(2089858483,192608db42251d675da83286b1cce702)
Start importing Assets/Resources/SpriteFrames/LeoAirborne/LEOPOLD_AIRBORNE_02_01.png using Guid(78bd40acb1347d84d886ea8917383f01) Importer(2089858483,192608db42251d675da83286b1cce702) (ScriptedImporter) -> (artifact id: '654000a19a4ab2d6d0605541fcd651a0') in 0.0328746 seconds
Number of updated asset objects reloaded before import = 0Number of asset objects unloaded after import = 1

========================================================================
Received Import Request.
  Time since last request: 0.000027 seconds.
  path: Assets/Resources/SpriteFrames/LeoAirborne/LEOPOLD_AIRBORNE_01_00.png
  artifactKey: Guid(99f93e1d0c8a2234398285bad21b6cd4) Importer(2089858483,192608db42251d675da83286b1cce702)
Start importing Assets/Resources/SpriteFrames/LeoAirborne/LEOPOLD_AIRBORNE_01_00.png using Guid(99f93e1d0c8a2234398285bad21b6cd4) Importer(2089858483,192608db42251d675da83286b1cce702) (ScriptedImporter) -> (artifact id: 'dec5e7c0fc2351949f30a142653aad96') in 0.0299558 seconds
Number of updated asset objects reloaded before import = 0Number of asset objects unloaded after import = 1

========================================================================
Received Import Request.
  Time since last request: 3.319579 seconds.
  path: Assets/Prefabs/LeoQuad/SpriteFrames/LEOPOLD_JUMP_UP00.png
  artifactKey: Guid(97382094bd2d5364fba5fe8d8b0bd60f) Importer(815301076,1909f56bfc062723c751e8b465ee728b)
Start importing Assets/Prefabs/LeoQuad/SpriteFrames/LEOPOLD_JUMP_UP00.png using Guid(97382094bd2d5364fba5fe8d8b0bd60f) Importer(815301076,1909f56bfc062723c751e8b465ee728b) (PreviewImporter) -> (artifact id: '98abaac90181765fbe357be9f31da5a4') in 0.0236758 seconds
Number of updated asset objects reloaded before import = 0Number of asset objects unloaded after import = 2

========================================================================
Received Import Request.
  Time since last request: 4.592372 seconds.
  path: Assets/Resources/SpriteFrames/LeoJumpUp/LEOPOLD_JUMP_UP06.png
  artifactKey: Guid(df04571024601934ab4afab353990c12) Importer(2089858483,192608db42251d675da83286b1cce702)
Start importing Assets/Resources/SpriteFrames/LeoJumpUp/LEOPOLD_JUMP_UP06.png using Guid(df04571024601934ab4afab353990c12) Importer(2089858483,192608db42251d675da83286b1cce702) (ScriptedImporter) -> (artifact id: 'f2e2dcef13f3256c04765a1ab49ef768') in 0.0326537 seconds
Number of updated asset objects reloaded before import = 0Number of asset objects unloaded after import = 1

========================================================================
Received Import Request.
  Time since last request: 0.000104 seconds.
  path: Assets/Resources/SpriteFrames/LeoJumpUp/LEOPOLD_JUMP_UP05.png
  artifactKey: Guid(38e63ed7564746b4899a58ef937bba04) Importer(2089858483,192608db42251d675da83286b1cce702)
Start importing Assets/Resources/SpriteFrames/LeoJumpUp/LEOPOLD_JUMP_UP05.png using Guid(38e63ed7564746b4899a58ef937bba04) Importer(2089858483,192608db42251d675da83286b1cce702) (ScriptedImporter) -> (artifact id: 'f116e70903bec3b94d089882485981a8') in 0.0377321 seconds
Number of updated asset objects reloaded before import = 0Number of asset objects unloaded after import = 1

========================================================================
Received Import Request.
  Time since last request: 0.000142 seconds.
  path: Assets/Resources/SpriteFrames/LeoJumpUp/LEOPOLD_JUMP_UP07.png
  artifactKey: Guid(8e507f68c4b672c449e129983fe7a4a8) Importer(2089858483,192608db42251d675da83286b1cce702)
Start importing Assets/Resources/SpriteFrames/LeoJumpUp/LEOPOLD_JUMP_UP07.png using Guid(8e507f68c4b672c449e129983fe7a4a8) Importer(2089858483,192608db42251d675da83286b1cce702) (ScriptedImporter) -> (artifact id: 'ab7fa811bac0c66cd65efa3c341b600f') in 0.0364798 seconds
Number of updated asset objects reloaded before import = 0Number of asset objects unloaded after import = 1

========================================================================
Received Import Request.
  Time since last request: 0.000158 seconds.
  path: Assets/Resources/SpriteFrames/LeoJumpUp/LEOPOLD_JUMP_UP01.png
  artifactKey: Guid(77cc7c0b6fccd554ba8a5a3d1666a8dc) Importer(2089858483,192608db42251d675da83286b1cce702)
Start importing Assets/Resources/SpriteFrames/LeoJumpUp/LEOPOLD_JUMP_UP01.png using Guid(77cc7c0b6fccd554ba8a5a3d1666a8dc) Importer(2089858483,192608db42251d675da83286b1cce702) (ScriptedImporter) -> (artifact id: 'edf81ecef021b4c1d0a375ea2df4c876') in 0.0352049 seconds
Number of updated asset objects reloaded before import = 0Number of asset objects unloaded after import = 1

========================================================================
Received Import Request.
  Time since last request: 1.281613 seconds.
  path: Assets/Prefabs/LeoQuad/SpriteFrames
  artifactKey: Guid(d91a6f97217c6d147a4cf348ad4063f2) Importer(815301076,1909f56bfc062723c751e8b465ee728b)
Start importing Assets/Prefabs/LeoQuad/SpriteFrames using Guid(d91a6f97217c6d147a4cf348ad4063f2) Importer(815301076,1909f56bfc062723c751e8b465ee728b) (PreviewImporter) -> (artifact id: '681f180da0fc5197ea0ad652ef15d907') in 0.0012929 seconds
Number of updated asset objects reloaded before import = 0Number of asset objects unloaded after import = 0

Editor requested this worker to shutdown with reason: Scaling down because of idle timeout
AssetImportWorker is now disconnected from the server
Process exiting
Exiting without the bug reporter. Application will terminate with return code 0